<?xml version="1.0" encoding="UTF-8"?>
<!-- Generated by org.testng.reporters.JUnitReportReporter -->
<testsuite hostname="DESKTOP-J6GQ4T7" failures="0" tests="6" name="testcase.WebTestReport" time="101.316" errors="0" timestamp="2025-09-18T20:18:49 IST" skipped="0">
  <testcase classname="testcase.WebTestReport" name="WidgetsCard" time="29.394">
    <system-out>
      <![CDATA[WidgetsCard is Open]]>
    </system-out>
  </testcase> <!-- WidgetsCard -->
  <testcase classname="testcase.WebTestReport" name="AlertFrameWindowCard" time="13.619">
    <system-out>
      <![CDATA[AlertFrameWindowCard is Open, perform inside the task]]>
    </system-out>
  </testcase> <!-- AlertFrameWindowCard -->
  <testcase classname="testcase.WebTestReport" name="ElementCard" time="15.145">
    <system-out>
      <![CDATA[Element Card Open]]>
    </system-out>
  </testcase> <!-- ElementCard -->
  <testcase classname="testcase.WebTestReport" name="FormCard" time="4.159">
    <system-out>
      <![CDATA[FormCard is Open, Fill the User Information]]>
    </system-out>
  </testcase> <!-- FormCard -->
  <testcase classname="testcase.WebTestReport" name="BookStoreApplication" time="37.180">
    <system-out>
      <![CDATA[BookStoreApplication is Open]]>
    </system-out>
  </testcase> <!-- BookStoreApplication -->
  <testcase classname="testcase.WebTestReport" name="InteractionCard" time="1.819">
    <system-out>
      <![CDATA[InteractionCard is Open]]>
    </system-out>
  </testcase> <!-- InteractionCard -->
  <system-out>
    <![CDATA[Driver initialized successfully
Navigated to Home Page
AlertFrameWindowCard is Open, perform inside the task
Navigated to Home Page
BookStoreApplication is Open
Navigated to Home Page
Element Card Open
Navigated to Home Page
FormCard is Open, Fill the User Information
Navigated to Home Page
InteractionCard is Open
Navigated to Home Page
WidgetsCard is Open
Browser closed successfully]]>
  </system-out>
</testsuite> <!-- testcase.WebTestReport -->
